[2026-04-15 08:43:15] Error general del job | {"error":"SQLSTATE[42S22]: Column not found: 1054 Unknown column 'p.titulo' in 'field list'"}
[2026-04-15 08:44:31] Error general del job | {"error":"SQLSTATE[42S22]: Column not found: 1054 Unknown column 'p.titulo' in 'field list'"}
[2026-04-15 08:44:34] Error general del job | {"error":"SQLSTATE[42S22]: Column not found: 1054 Unknown column 'p.titulo' in 'field list'"}
[2026-04-15 08:45:19] Error general del job | {"error":"SQLSTATE[42S22]: Column not found: 1054 Unknown column 'p.titulo' in 'field list'"}
[2026-04-15 08:48:11] Error procesando token expirado | {"token_id":64,"error":"Call to undefined function sendMail()"}
[2026-04-15 08:48:11] Proceso completado | {"tokens_encontrados":1}
[2026-04-15 08:50:20] Error procesando token expirado | {"token_id":64,"error":"Call to undefined function sendMail()"}
[2026-04-15 08:50:20] Proceso completado | {"tokens_encontrados":1}
[2026-04-15 08:54:07] Error procesando token expirado | {"token_id":64,"error":"Call to undefined function sendMail()"}
[2026-04-15 08:54:07] Proceso completado | {"tokens_encontrados":1}
[2026-04-15 08:55:19] Error procesando token expirado | {"token_id":64,"error":"Call to undefined function sendMail()"}
[2026-04-15 08:55:19] Proceso completado | {"tokens_encontrados":1}
[2026-04-15 09:00:19] Error procesando token expirado | {"token_id":64,"error":"Call to undefined function sendMail()"}
[2026-04-15 09:00:19] Proceso completado | {"tokens_encontrados":1}
[2026-04-15 09:00:59] Error procesando token expirado | {"token_id":64,"error":"Call to undefined function sendMail()"}
[2026-04-15 09:00:59] Proceso completado | {"tokens_encontrados":1}
[2026-04-15 09:01:35] Token expirado procesado correctamente | {"token_id":64,"buyer_user_id":1,"property_id":72,"email":"practicasreglado@gmail.com"}
[2026-04-15 09:01:35] Proceso completado | {"tokens_encontrados":1}
[2026-04-15 09:05:19] Proceso completado | {"tokens_encontrados":0}
[2026-04-15 09:05:32] Token expirado procesado correctamente | {"token_id":64,"buyer_user_id":1,"property_id":72,"email":"practicasreglado@gmail.com"}
[2026-04-15 09:05:32] Proceso completado | {"tokens_encontrados":1}
[2026-04-15 09:10:19] Proceso completado | {"tokens_encontrados":0}
[2026-04-15 09:10:49] Error procesando token expirado | {"token_id":64,"error":"Error SMTP: Imposible conectar al servidor SMTP. Failed to connect to server"}
[2026-04-15 09:10:49] Proceso completado | {"tokens_encontrados":1}
[2026-04-15 09:15:21] Token expirado procesado correctamente | {"token_id":64,"buyer_user_id":1,"property_id":72,"email":"practicasreglado@gmail.com"}
[2026-04-15 09:15:21] Proceso completado | {"tokens_encontrados":1}
[2026-04-15 09:20:19] Proceso completado | {"tokens_encontrados":0}
[2026-04-15 09:24:10] Token expirado procesado correctamente | {"token_id":64,"buyer_user_id":1,"property_id":72,"email":"practicasreglado@gmail.com"}
[2026-04-15 09:24:10] Proceso completado | {"tokens_encontrados":1}
[2026-04-15 09:25:21] Token expirado procesado correctamente | {"token_id":64,"buyer_user_id":1,"property_id":72,"email":"practicasreglado@gmail.com"}
[2026-04-15 09:25:21] Proceso completado | {"tokens_encontrados":1}
[2026-04-15 09:30:19] Proceso completado | {"tokens_encontrados":0}
[2026-04-15 09:32:33] Token expirado procesado correctamente | {"token_id":64,"buyer_user_id":1,"property_id":72,"email":"practicasreglado@gmail.com"}
[2026-04-15 09:32:33] Proceso completado | {"tokens_encontrados":1}
[2026-04-15 09:34:57] Token expirado procesado correctamente | {"token_id":64,"buyer_user_id":1,"property_id":72,"email":"practicasreglado@gmail.com"}
[2026-04-15 09:34:57] Proceso completado | {"tokens_encontrados":1}
[2026-04-15 09:35:19] Proceso completado | {"tokens_encontrados":0}
[2026-04-15 09:40:20] Proceso completado | {"tokens_encontrados":0}
[2026-04-15 09:45:19] Proceso completado | {"tokens_encontrados":0}
[2026-04-15 09:50:19] Proceso completado | {"tokens_encontrados":0}
[2026-04-15 09:55:20] Proceso completado | {"tokens_encontrados":0}
[2026-04-15 10:00:19] Proceso completado | {"tokens_encontrados":0}
[2026-04-15 10:05:19] Proceso completado | {"tokens_encontrados":0}
[2026-04-15 10:10:20] Proceso completado | {"tokens_encontrados":0}
[2026-04-15 10:15:20] Proceso completado | {"tokens_encontrados":0}
[2026-04-15 10:20:19] Proceso completado | {"tokens_encontrados":0}
[2026-04-15 10:25:19] Proceso completado | {"tokens_encontrados":0}
[2026-04-15 10:30:19] Proceso completado | {"tokens_encontrados":0}
[2026-04-15 10:35:20] Proceso completado | {"tokens_encontrados":0}
[2026-04-15 10:40:19] Proceso completado | {"tokens_encontrados":0}
[2026-04-15 10:45:20] Proceso completado | {"tokens_encontrados":0}
[2026-04-15 10:50:19] Proceso completado | {"tokens_encontrados":0}
[2026-04-15 10:55:19] Proceso completado | {"tokens_encontrados":0}
[2026-04-15 11:00:19] Proceso completado | {"tokens_encontrados":0}
[2026-04-15 11:05:19] Proceso completado | {"tokens_encontrados":0}
[2026-04-15 11:10:20] Proceso completado | {"tokens_encontrados":0}
[2026-04-15 11:15:20] Proceso completado | {"tokens_encontrados":0}
[2026-04-15 11:20:19] Proceso completado | {"tokens_encontrados":0}
[2026-04-15 11:25:19] Proceso completado | {"tokens_encontrados":0}
[2026-04-15 11:30:19] Proceso completado | {"tokens_encontrados":0}
[2026-04-15 11:35:19] Proceso completado | {"tokens_encontrados":0}
[2026-04-15 11:40:19] Proceso completado | {"tokens_encontrados":0}
[2026-04-15 11:45:20] Proceso completado | {"tokens_encontrados":0}
[2026-04-15 11:50:20] Proceso completado | {"tokens_encontrados":0}
[2026-04-15 11:55:20] Proceso completado | {"tokens_encontrados":0}
[2026-04-15 12:00:19] Proceso completado | {"tokens_encontrados":0}
[2026-04-15 12:05:19] Proceso completado | {"tokens_encontrados":0}
[2026-04-15 12:10:19] Proceso completado | {"tokens_encontrados":0}
[2026-04-15 12:15:20] Proceso completado | {"tokens_encontrados":0}
[2026-04-15 12:20:19] Proceso completado | {"tokens_encontrados":0}
[2026-04-15 12:25:20] Proceso completado | {"tokens_encontrados":0}
[2026-04-15 12:30:20] Proceso completado | {"tokens_encontrados":0}
[2026-04-15 12:35:19] Proceso completado | {"tokens_encontrados":0}
[2026-04-15 12:40:20] Proceso completado | {"tokens_encontrados":0}
[2026-04-15 12:45:20] Proceso completado | {"tokens_encontrados":0}
[2026-04-15 12:50:20] Proceso completado | {"tokens_encontrados":0}
[2026-04-15 12:55:20] Proceso completado | {"tokens_encontrados":0}
[2026-04-15 13:00:19] Proceso completado | {"tokens_encontrados":0}
[2026-04-15 13:05:19] Proceso completado | {"tokens_encontrados":0}
[2026-04-15 13:10:20] Proceso completado | {"tokens_encontrados":0}
[2026-04-15 13:15:20] Proceso completado | {"tokens_encontrados":0}
[2026-04-15 13:20:20] Proceso completado | {"tokens_encontrados":0}
[2026-04-15 13:25:19] Proceso completado | {"tokens_encontrados":0}
[2026-04-15 13:30:20] Proceso completado | {"tokens_encontrados":0}
[2026-04-15 13:35:20] Proceso completado | {"tokens_encontrados":0}
[2026-04-15 13:40:20] Proceso completado | {"tokens_encontrados":0}
[2026-04-15 13:45:20] Proceso completado | {"tokens_encontrados":0}
[2026-04-15 13:50:20] Proceso completado | {"tokens_encontrados":0}
[2026-04-15 13:55:20] Proceso completado | {"tokens_encontrados":0}
[2026-04-15 14:00:20] Proceso completado | {"tokens_encontrados":0}
[2026-04-15 14:05:20] Proceso completado | {"tokens_encontrados":0}
[2026-04-15 14:10:20] Proceso completado | {"tokens_encontrados":0}
[2026-04-15 14:15:20] Proceso completado | {"tokens_encontrados":0}
[2026-04-15 14:20:20] Proceso completado | {"tokens_encontrados":0}
[2026-04-15 14:30:19] Proceso completado | {"tokens_encontrados":0}
[2026-04-15 14:35:20] Proceso completado | {"tokens_encontrados":0}
[2026-04-15 14:40:19] Proceso completado | {"tokens_encontrados":0}
[2026-04-15 14:45:19] Proceso completado | {"tokens_encontrados":0}
[2026-04-15 14:50:19] Proceso completado | {"tokens_encontrados":0}
[2026-04-15 14:55:19] Proceso completado | {"tokens_encontrados":0}
[2026-04-15 15:00:19] Proceso completado | {"tokens_encontrados":0}
[2026-04-16 07:16:52] Proceso completado | {"tokens_encontrados":0}
[2026-04-16 07:20:20] Proceso completado | {"tokens_encontrados":0}
[2026-04-16 07:25:19] Proceso completado | {"tokens_encontrados":0}
[2026-04-16 07:30:20] Proceso completado | {"tokens_encontrados":0}
[2026-04-16 07:35:20] Proceso completado | {"tokens_encontrados":0}
[2026-04-16 07:40:20] Proceso completado | {"tokens_encontrados":0}
[2026-04-16 07:45:20] Proceso completado | {"tokens_encontrados":0}
[2026-04-16 07:50:20] Proceso completado | {"tokens_encontrados":0}
[2026-04-16 07:55:20] Proceso completado | {"tokens_encontrados":0}
[2026-04-16 08:00:20] Proceso completado | {"tokens_encontrados":0}
[2026-04-16 08:46:35] Proceso completado | {"tokens_encontrados":0}
[2026-04-16 08:50:20] Proceso completado | {"tokens_encontrados":0}
[2026-04-16 08:51:34] Proceso completado | {"tokens_encontrados":0}
[2026-04-16 08:55:20] Proceso completado | {"tokens_encontrados":0}
[2026-04-16 08:56:34] Proceso completado | {"tokens_encontrados":0}
[2026-04-16 09:00:20] Proceso completado | {"tokens_encontrados":0}
[2026-04-16 09:01:34] Proceso completado | {"tokens_encontrados":0}
[2026-04-16 09:05:20] Proceso completado | {"tokens_encontrados":0}
[2026-04-16 09:06:34] Proceso completado | {"tokens_encontrados":0}
[2026-04-16 09:10:20] Proceso completado | {"tokens_encontrados":0}
[2026-04-16 09:11:34] Proceso completado | {"tokens_encontrados":0}
[2026-04-16 09:15:20] Proceso completado | {"tokens_encontrados":0}
[2026-04-16 09:16:35] Proceso completado | {"tokens_encontrados":0}
[2026-04-16 09:20:21] Proceso completado | {"tokens_encontrados":0}
[2026-04-16 09:21:35] Proceso completado | {"tokens_encontrados":0}
[2026-04-16 09:25:20] Proceso completado | {"tokens_encontrados":0}
[2026-04-16 09:26:34] Proceso completado | {"tokens_encontrados":0}
[2026-04-16 09:30:20] Proceso completado | {"tokens_encontrados":0}
[2026-04-16 09:31:35] Proceso completado | {"tokens_encontrados":0}
[2026-04-16 09:35:20] Proceso completado | {"tokens_encontrados":0}
[2026-04-16 09:36:34] Proceso completado | {"tokens_encontrados":0}
[2026-04-16 09:40:20] Proceso completado | {"tokens_encontrados":0}
[2026-04-16 09:41:34] Proceso completado | {"tokens_encontrados":0}
[2026-04-16 09:45:20] Proceso completado | {"tokens_encontrados":0}
[2026-04-16 09:46:34] Proceso completado | {"tokens_encontrados":0}
[2026-04-16 09:50:21] Proceso completado | {"tokens_encontrados":0}
[2026-04-16 09:51:34] Proceso completado | {"tokens_encontrados":0}
[2026-04-16 09:55:20] Proceso completado | {"tokens_encontrados":0}
[2026-04-16 09:56:34] Proceso completado | {"tokens_encontrados":0}
[2026-04-16 10:00:20] Proceso completado | {"tokens_encontrados":0}
[2026-04-16 10:01:34] Proceso completado | {"tokens_encontrados":0}
[2026-04-16 10:05:20] Proceso completado | {"tokens_encontrados":0}
[2026-04-16 10:06:34] Proceso completado | {"tokens_encontrados":0}
[2026-04-16 10:10:20] Proceso completado | {"tokens_encontrados":0}
[2026-04-16 10:11:34] Proceso completado | {"tokens_encontrados":0}
[2026-04-16 10:15:20] Proceso completado | {"tokens_encontrados":0}
[2026-04-16 10:16:35] Proceso completado | {"tokens_encontrados":0}
[2026-04-16 10:20:20] Proceso completado | {"tokens_encontrados":0}
[2026-04-16 10:21:35] Proceso completado | {"tokens_encontrados":0}
[2026-04-16 10:25:20] Proceso completado | {"tokens_encontrados":0}
[2026-04-16 10:26:34] Proceso completado | {"tokens_encontrados":0}
[2026-04-16 10:30:20] Proceso completado | {"tokens_encontrados":0}
[2026-04-16 10:31:34] Proceso completado | {"tokens_encontrados":0}
[2026-04-16 10:35:20] Proceso completado | {"tokens_encontrados":0}
[2026-04-16 10:36:34] Proceso completado | {"tokens_encontrados":0}
[2026-04-16 10:40:20] Proceso completado | {"tokens_encontrados":0}
[2026-04-16 10:41:34] Proceso completado | {"tokens_encontrados":0}
[2026-04-16 10:45:20] Proceso completado | {"tokens_encontrados":0}
[2026-04-16 10:46:35] Proceso completado | {"tokens_encontrados":0}
[2026-04-16 10:50:20] Proceso completado | {"tokens_encontrados":0}
[2026-04-16 10:51:35] Proceso completado | {"tokens_encontrados":0}
[2026-04-16 10:55:20] Proceso completado | {"tokens_encontrados":0}
[2026-04-16 10:56:34] Proceso completado | {"tokens_encontrados":0}
[2026-04-16 11:00:20] Proceso completado | {"tokens_encontrados":0}
[2026-04-16 11:01:34] Proceso completado | {"tokens_encontrados":0}
[2026-04-16 11:05:20] Proceso completado | {"tokens_encontrados":0}
[2026-04-16 11:06:34] Proceso completado | {"tokens_encontrados":0}
[2026-04-16 11:10:20] Proceso completado | {"tokens_encontrados":0}
[2026-04-16 11:11:34] Proceso completado | {"tokens_encontrados":0}
[2026-04-16 11:15:20] Proceso completado | {"tokens_encontrados":0}
[2026-04-16 11:16:35] Proceso completado | {"tokens_encontrados":0}
[2026-04-16 11:20:20] Proceso completado | {"tokens_encontrados":0}
[2026-04-16 11:21:34] Proceso completado | {"tokens_encontrados":0}
[2026-04-16 11:25:20] Proceso completado | {"tokens_encontrados":0}
[2026-04-16 11:26:34] Proceso completado | {"tokens_encontrados":0}
[2026-04-16 11:30:20] Proceso completado | {"tokens_encontrados":0}
[2026-04-16 11:31:34] Proceso completado | {"tokens_encontrados":0}
[2026-04-16 11:35:20] Proceso completado | {"tokens_encontrados":0}
[2026-04-16 11:36:34] Proceso completado | {"tokens_encontrados":0}
[2026-04-16 11:40:20] Proceso completado | {"tokens_encontrados":0}
[2026-04-16 11:41:34] Proceso completado | {"tokens_encontrados":0}
[2026-04-16 11:45:20] Proceso completado | {"tokens_encontrados":0}
[2026-04-16 11:46:34] Proceso completado | {"tokens_encontrados":0}
[2026-04-16 11:50:20] Proceso completado | {"tokens_encontrados":0}
[2026-04-16 11:51:34] Proceso completado | {"tokens_encontrados":0}
[2026-04-16 11:55:20] Proceso completado | {"tokens_encontrados":0}
[2026-04-16 11:56:34] Proceso completado | {"tokens_encontrados":0}
[2026-04-16 12:00:20] Proceso completado | {"tokens_encontrados":0}
[2026-04-16 12:01:34] Proceso completado | {"tokens_encontrados":0}
[2026-04-16 12:05:20] Proceso completado | {"tokens_encontrados":0}
[2026-04-16 12:06:34] Proceso completado | {"tokens_encontrados":0}
[2026-04-16 12:10:20] Proceso completado | {"tokens_encontrados":0}
[2026-04-16 12:11:34] Proceso completado | {"tokens_encontrados":0}
[2026-04-16 12:15:20] Proceso completado | {"tokens_encontrados":0}
[2026-04-16 12:16:34] Proceso completado | {"tokens_encontrados":0}
[2026-04-16 12:20:20] Proceso completado | {"tokens_encontrados":0}
[2026-04-16 12:21:34] Proceso completado | {"tokens_encontrados":0}
[2026-04-16 12:25:20] Proceso completado | {"tokens_encontrados":0}
[2026-04-16 12:26:34] Proceso completado | {"tokens_encontrados":0}
[2026-04-16 12:30:20] Proceso completado | {"tokens_encontrados":0}
[2026-04-16 12:31:34] Proceso completado | {"tokens_encontrados":0}
[2026-04-16 12:35:20] Proceso completado | {"tokens_encontrados":0}
[2026-04-16 13:11:52] Proceso completado | {"tokens_encontrados":0}
[2026-04-16 13:15:20] Proceso completado | {"tokens_encontrados":0}
[2026-04-16 13:16:34] Proceso completado | {"tokens_encontrados":0}
[2026-04-16 13:20:20] Proceso completado | {"tokens_encontrados":0}
[2026-04-16 13:21:34] Proceso completado | {"tokens_encontrados":0}
[2026-04-16 13:25:20] Proceso completado | {"tokens_encontrados":0}
[2026-04-16 13:26:34] Proceso completado | {"tokens_encontrados":0}
[2026-04-16 13:30:20] Proceso completado | {"tokens_encontrados":0}
[2026-04-16 13:31:34] Proceso completado | {"tokens_encontrados":0}
[2026-04-16 13:35:20] Proceso completado | {"tokens_encontrados":0}
[2026-04-16 13:36:34] Proceso completado | {"tokens_encontrados":0}
[2026-04-16 13:40:20] Proceso completado | {"tokens_encontrados":0}
[2026-04-16 13:41:34] Proceso completado | {"tokens_encontrados":0}
[2026-04-16 13:45:20] Proceso completado | {"tokens_encontrados":0}
[2026-04-16 13:46:34] Proceso completado | {"tokens_encontrados":0}
[2026-04-16 13:50:20] Proceso completado | {"tokens_encontrados":0}
[2026-04-16 13:51:34] Proceso completado | {"tokens_encontrados":0}
[2026-04-16 13:55:20] Proceso completado | {"tokens_encontrados":0}
[2026-04-16 13:56:34] Proceso completado | {"tokens_encontrados":0}
[2026-04-16 14:00:20] Proceso completado | {"tokens_encontrados":0}
[2026-04-16 14:01:34] Proceso completado | {"tokens_encontrados":0}
[2026-04-16 14:05:20] Proceso completado | {"tokens_encontrados":0}
[2026-04-16 14:06:34] Proceso completado | {"tokens_encontrados":0}
[2026-04-16 14:10:20] Proceso completado | {"tokens_encontrados":0}
[2026-04-16 14:11:37] Proceso completado | {"tokens_encontrados":0}
[2026-04-16 14:15:20] Proceso completado | {"tokens_encontrados":0}
[2026-04-16 14:16:34] Proceso completado | {"tokens_encontrados":0}
[2026-04-16 14:20:20] Proceso completado | {"tokens_encontrados":0}
[2026-04-16 14:21:35] Proceso completado | {"tokens_encontrados":0}
[2026-04-16 14:25:20] Proceso completado | {"tokens_encontrados":0}
[2026-04-16 14:26:34] Proceso completado | {"tokens_encontrados":0}
[2026-04-16 14:30:20] Proceso completado | {"tokens_encontrados":0}
[2026-04-16 14:31:34] Proceso completado | {"tokens_encontrados":0}
[2026-04-16 14:35:20] Proceso completado | {"tokens_encontrados":0}
[2026-04-16 14:36:34] Proceso completado | {"tokens_encontrados":0}
[2026-04-16 14:40:20] Proceso completado | {"tokens_encontrados":0}
[2026-04-16 14:41:34] Proceso completado | {"tokens_encontrados":0}
[2026-04-16 14:45:20] Proceso completado | {"tokens_encontrados":0}
[2026-04-16 14:46:34] Proceso completado | {"tokens_encontrados":0}
[2026-04-16 14:50:20] Proceso completado | {"tokens_encontrados":0}
[2026-04-16 14:51:34] Proceso completado | {"tokens_encontrados":0}
[2026-04-16 14:55:20] Proceso completado | {"tokens_encontrados":0}
[2026-04-16 14:56:34] Proceso completado | {"tokens_encontrados":0}
[2026-04-16 15:00:20] Proceso completado | {"tokens_encontrados":0}
[2026-04-16 15:01:34] Proceso completado | {"tokens_encontrados":0}
[2026-04-17 08:46:31] Proceso completado | {"tokens_encontrados":0}
[2026-04-17 08:46:34] Proceso completado | {"tokens_encontrados":0}
[2026-04-17 08:50:20] Proceso completado | {"tokens_encontrados":0}
[2026-04-17 08:51:31] Proceso completado | {"tokens_encontrados":0}
[2026-04-17 08:51:35] Proceso completado | {"tokens_encontrados":0}
[2026-04-17 08:55:20] Proceso completado | {"tokens_encontrados":0}
[2026-04-17 08:56:31] Proceso completado | {"tokens_encontrados":0}
[2026-04-17 08:56:34] Proceso completado | {"tokens_encontrados":0}
